

================================================================
== Vitis HLS Report for 'lzBooster_255_16384_64_Pipeline_lz_booster'
================================================================
* Date:           Fri Oct 31 13:59:01 2025

* Version:        2024.2 (Build 5238294 on Nov  8 2024)
* Project:        lz4CompressEngineRun
* Solution:       hls (Vivado IP Flow Target)
* Product family: zynq
* Target device:  xc7z020-clg484-1


================================================================
== Performance Estimates
================================================================
+ Timing: 
    * Summary: 
    +--------+---------+----------+------------+
    |  Clock |  Target | Estimated| Uncertainty|
    +--------+---------+----------+------------+
    |ap_clk  |  7.00 ns|  5.968 ns|     0.70 ns|
    +--------+---------+----------+------------+

+ Latency: 
    * Summary: 
    +---------+---------+----------+----------+-----+-----+------------------------------------------------+
    |  Latency (cycles) |  Latency (absolute) |  Interval |                    Pipeline                    |
    |   min   |   max   |    min   |    max   | min | max |                      Type                      |
    +---------+---------+----------+----------+-----+-----+------------------------------------------------+
    |        ?|        ?|         ?|         ?|    0|    0|  loop auto-rewind stp (delay=0 clock cycles(s))|
    +---------+---------+----------+----------+-----+-----+------------------------------------------------+

    + Detail: 
        * Instance: 
        N/A

        * Loop: 
        +--------------+---------+---------+----------+-----------+-----------+------+----------+
        |              |  Latency (cycles) | Iteration|  Initiation Interval  | Trip |          |
        |   Loop Name  |   min   |   max   |  Latency |  achieved |   target  | Count| Pipelined|
        +--------------+---------+---------+----------+-----------+-----------+------+----------+
        |- lz_booster  |        ?|        ?|         6|          3|          3|     ?|       yes|
        +--------------+---------+---------+----------+-----------+-----------+------+----------+

============================================================
+ Verbose Summary: Synthesis Manager
============================================================
InlineROM: 1
ExposeGlobal: 0
============================================================
+ Verbose Summary: CDFG Model
============================================================
IsTopModel: 0
ResetActiveHigh: 1
IsCombinational: 0
IsDatapathOnly: 0
HasWiredReturn: 1
HasMFsm: 2
HasVarLatency: 1
IsPipeline: 0
IsRtlPipelined: 0
IsInstanceOverlapped: 0
IsDontTouch: 0
HasImplIP: 0
IsGatedGlobalClock: 0

+ Individual pipeline summary: 
  * Pipeline-0: initiation interval (II) = 3, depth = 6


============================================================
+ Verbose Summary: Schedule
============================================================
* Number of FSM states : 6
* Pipeline : 1
  Pipeline-0 : II = 3, D = 6, States = { 1 2 3 4 5 6 }
* Dataflow Pipeline: 0

* FSM state transitions: 
1 --> 2 
2 --> 3 
3 --> 4 
4 --> 5 
5 --> 6 
6 --> 

* FSM state operations: 

State 1 <SV = 0> <Delay = 4.14>
ST_1 : Operation 9 [1/1] (0.00ns)   --->   "%i = alloca i32 1" [D:/Xillinx_Project/PROJECT/data_compression/L1/tests/lz4_compress/../../../L1/include/hw/lz_optional.hpp:624]   --->   Operation 9 'alloca' 'i' <Predicate = true> <Delay = 0.00>
ST_1 : Operation 10 [1/1] (0.00ns)   --->   "%empty = alloca i32 1"   --->   Operation 10 'alloca' 'empty' <Predicate = true> <Delay = 0.00>
ST_1 : Operation 11 [1/1] (0.00ns)   --->   "%empty_40 = alloca i32 1"   --->   Operation 11 'alloca' 'empty_40' <Predicate = true> <Delay = 0.00>
ST_1 : Operation 12 [1/1] (0.00ns)   --->   "%outValue = alloca i32 1" [D:/Xillinx_Project/PROJECT/data_compression/L1/tests/lz4_compress/../../../L1/include/hw/lz_optional.hpp:613]   --->   Operation 12 'alloca' 'outValue' <Predicate = true> <Delay = 0.00>
ST_1 : Operation 13 [1/1] (0.00ns)   --->   "%new_match_len = alloca i32 1" [D:/Xillinx_Project/PROJECT/data_compression/L1/tests/lz4_compress/../../../L1/include/hw/lz_optional.hpp:645]   --->   Operation 13 'alloca' 'new_match_len' <Predicate = true> <Delay = 0.00>
ST_1 : Operation 14 [1/1] (0.00ns)   --->   "%new_matchFlag_1_0_0_07 = alloca i32 1"   --->   Operation 14 'alloca' 'new_matchFlag_1_0_0_07' <Predicate = true> <Delay = 0.00>
ST_1 : Operation 15 [1/1] (0.00ns)   --->   "%new_match_loc = alloca i32 1" [D:/Xillinx_Project/PROJECT/data_compression/L1/tests/lz4_compress/../../../L1/include/hw/lz_optional.hpp:646]   --->   Operation 15 'alloca' 'new_match_loc' <Predicate = true> <Delay = 0.00>
ST_1 : Operation 16 [1/1] (0.00ns)   --->   "%specmemcore_ln0 = specmemcore void @_ssdm_op_SpecMemCore, i8 %local_mem, i64 666, i64 22, i64 18446744073709551615"   --->   Operation 16 'specmemcore' 'specmemcore_ln0' <Predicate = true> <Delay = 0.00>
ST_1 : Operation 17 [1/1] (0.00ns)   --->   "%specmemcore_ln0 = specmemcore void @_ssdm_op_SpecMemCore, i32 %boosterStream, i64 666, i64 10, i64 18446744073709551615"   --->   Operation 17 'specmemcore' 'specmemcore_ln0' <Predicate = true> <Delay = 0.00>
ST_1 : Operation 18 [1/1] (0.00ns)   --->   "%specinterface_ln0 = specinterface void @_ssdm_op_SpecInterface, i32 %bestMatchStream, void @empty_3, i32 0, i32 0, void @empty_4, i32 0, i32 0, void @empty_4, void @empty_4, void @empty_4, i32 0, i32 0, i32 0, i32 0, void @empty_4, void @empty_4, i32 4294967295, i32 0, i32 0"   --->   Operation 18 'specinterface' 'specinterface_ln0' <Predicate = true> <Delay = 0.00>
ST_1 : Operation 19 [1/1] (0.00ns)   --->   "%specinterface_ln0 = specinterface void @_ssdm_op_SpecInterface, i32 %boosterStream, void @empty_3, i32 0, i32 0, void @empty_4, i32 0, i32 0, void @empty_4, void @empty_4, void @empty_4, i32 0, i32 0, i32 0, i32 0, void @empty_4, void @empty_4, i32 4294967295, i32 0, i32 0"   --->   Operation 19 'specinterface' 'specinterface_ln0' <Predicate = true> <Delay = 0.00>
ST_1 : Operation 20 [1/1] (0.00ns)   --->   "%sub_read = read i32 @_ssdm_op_Read.ap_auto.i32, i32 %sub"   --->   Operation 20 'read' 'sub_read' <Predicate = true> <Delay = 0.00>
ST_1 : Operation 21 [1/1] (0.00ns)   --->   "%skip_len_reg_load_read = read i16 @_ssdm_op_Read.ap_auto.i16, i16 %skip_len_reg_load"   --->   Operation 21 'read' 'skip_len_reg_load_read' <Predicate = true> <Delay = 0.00>
ST_1 : Operation 22 [1/1] (0.00ns)   --->   "%match_len_reg_load_read = read i32 @_ssdm_op_Read.ap_auto.i32, i32 %match_len_reg_load"   --->   Operation 22 'read' 'match_len_reg_load_read' <Predicate = true> <Delay = 0.00>
ST_1 : Operation 23 [1/1] (0.00ns)   --->   "%matchFlag_reg_load_read = read i1 @_ssdm_op_Read.ap_auto.i1, i1 %matchFlag_reg_load"   --->   Operation 23 'read' 'matchFlag_reg_load_read' <Predicate = true> <Delay = 0.00>
ST_1 : Operation 24 [1/1] (0.00ns)   --->   "%nextMatchCh_loc_0_read = read i8 @_ssdm_op_Read.ap_auto.i8, i8 %nextMatchCh_loc_0"   --->   Operation 24 'read' 'nextMatchCh_loc_0_read' <Predicate = true> <Delay = 0.00>
ST_1 : Operation 25 [1/1] (0.00ns)   --->   "%match_loc_reg_load_read = read i32 @_ssdm_op_Read.ap_auto.i32, i32 %match_loc_reg_load"   --->   Operation 25 'read' 'match_loc_reg_load_read' <Predicate = true> <Delay = 0.00>
ST_1 : Operation 26 [1/1] (1.70ns)   --->   "%store_ln646 = store i32 %match_loc_reg_load_read, i32 %new_match_loc" [D:/Xillinx_Project/PROJECT/data_compression/L1/tests/lz4_compress/../../../L1/include/hw/lz_optional.hpp:646]   --->   Operation 26 'store' 'store_ln646' <Predicate = true> <Delay = 1.70>
ST_1 : Operation 27 [1/1] (1.70ns)   --->   "%store_ln0 = store i1 %matchFlag_reg_load_read, i1 %new_matchFlag_1_0_0_07"   --->   Operation 27 'store' 'store_ln0' <Predicate = true> <Delay = 1.70>
ST_1 : Operation 28 [1/1] (1.70ns)   --->   "%store_ln645 = store i32 %match_len_reg_load_read, i32 %new_match_len" [D:/Xillinx_Project/PROJECT/data_compression/L1/tests/lz4_compress/../../../L1/include/hw/lz_optional.hpp:645]   --->   Operation 28 'store' 'store_ln645' <Predicate = true> <Delay = 1.70>
ST_1 : Operation 29 [1/1] (1.58ns)   --->   "%store_ln0 = store i8 %nextMatchCh_loc_0_read, i8 %empty_40"   --->   Operation 29 'store' 'store_ln0' <Predicate = true> <Delay = 1.58>
ST_1 : Operation 30 [1/1] (1.82ns)   --->   "%store_ln0 = store i16 %skip_len_reg_load_read, i16 %empty"   --->   Operation 30 'store' 'store_ln0' <Predicate = true> <Delay = 1.82>
ST_1 : Operation 31 [1/1] (1.58ns)   --->   "%store_ln624 = store i32 0, i32 %i" [D:/Xillinx_Project/PROJECT/data_compression/L1/tests/lz4_compress/../../../L1/include/hw/lz_optional.hpp:624]   --->   Operation 31 'store' 'store_ln624' <Predicate = true> <Delay = 1.58>
ST_1 : Operation 32 [1/1] (0.00ns)   --->   "%br_ln624 = br void %for.body" [D:/Xillinx_Project/PROJECT/data_compression/L1/tests/lz4_compress/../../../L1/include/hw/lz_optional.hpp:624]   --->   Operation 32 'br' 'br_ln624' <Predicate = true> <Delay = 0.00>
ST_1 : Operation 33 [1/1] (0.00ns)   --->   "%i_4 = load i32 %i" [D:/Xillinx_Project/PROJECT/data_compression/L1/tests/lz4_compress/../../../L1/include/hw/lz_optional.hpp:624]   --->   Operation 33 'load' 'i_4' <Predicate = true> <Delay = 0.00>
ST_1 : Operation 34 [1/1] (2.55ns)   --->   "%icmp_ln624 = icmp_eq  i32 %i_4, i32 %sub_read" [D:/Xillinx_Project/PROJECT/data_compression/L1/tests/lz4_compress/../../../L1/include/hw/lz_optional.hpp:624]   --->   Operation 34 'icmp' 'icmp_ln624' <Predicate = true> <Delay = 2.55> <CoreInst = "Cmp">   --->   Core 9 'Cmp' <Latency = 0> <II = 1> <Delay = 2.55> <FuncUnit> <Opcode : 'seteq' 'setne' 'setle' 'setge' 'setlt' 'setgt'> <InPorts = 2> <OutPorts = 1>
ST_1 : Operation 35 [1/1] (0.00ns)   --->   "%br_ln624 = br i1 %icmp_ln624, void %for.body.split, void %for.cond.for.cond.cleanup_crit_edge.exitStub" [D:/Xillinx_Project/PROJECT/data_compression/L1/tests/lz4_compress/../../../L1/include/hw/lz_optional.hpp:624]   --->   Operation 35 'br' 'br_ln624' <Predicate = true> <Delay = 0.00>

State 2 <SV = 1> <Delay = 4.71>
ST_2 : Operation 36 [1/1] ( I:3.15ns O:3.15ns )   --->   "%outValue_3 = read i32 @_ssdm_op_Read.ap_fifo.volatile.i32P0A, i32 %bestMatchStream" [D:/Xillinx_Project/PROJECT/data_compression/L1/tests/lz4_compress/../../../L1/include/hw/lz_optional.hpp:628]   --->   Operation 36 'read' 'outValue_3' <Predicate = (!icmp_ln624)> <Delay = 3.15> <CoreInst = "FIFO_SRL">   --->   Core 80 'FIFO_SRL' <Latency = 0> <II = 1> <Delay = 3.54> <Storage> <Opcode : 'read' 'write' 'nbread' 'nbwrite'> <Ports = 0> <Width = 32> <Depth = 8> <FIFO>
ST_2 : Operation 37 [1/1] (0.00ns)   --->   "%tCh = trunc i32 %outValue_3" [D:/Xillinx_Project/PROJECT/data_compression/L1/tests/lz4_compress/../../../L1/include/hw/lz_optional.hpp:629]   --->   Operation 37 'trunc' 'tCh' <Predicate = (!icmp_ln624)> <Delay = 0.00>
ST_2 : Operation 38 [1/1] (0.00ns)   --->   "%tLen = partselect i8 @_ssdm_op_PartSelect.i8.i32.i32, i32 %outValue_3, i32 8" [D:/Xillinx_Project/PROJECT/data_compression/L1/tests/lz4_compress/../../../L1/include/hw/lz_optional.hpp:630]   --->   Operation 38 'partselect' 'tLen' <Predicate = (!icmp_ln624)> <Delay = 0.00>
ST_2 : Operation 39 [1/1] (0.00ns)   --->   "%tOffset = partselect i16 @_ssdm_op_PartSelect.i16.i32.i32, i32 %outValue_3, i32 16" [D:/Xillinx_Project/PROJECT/data_compression/L1/tests/lz4_compress/../../../L1/include/hw/lz_optional.hpp:631]   --->   Operation 39 'partselect' 'tOffset' <Predicate = (!icmp_ln624)> <Delay = 0.00>
ST_2 : Operation 40 [1/1] (0.00ns)   --->   "%tmp = partselect i2 @_ssdm_op_PartSelect.i2.i32.i32.i32, i32 %outValue_3, i32 30, i32 31" [D:/Xillinx_Project/PROJECT/data_compression/L1/tests/lz4_compress/../../../L1/include/hw/lz_optional.hpp:637]   --->   Operation 40 'partselect' 'tmp' <Predicate = (!icmp_ln624)> <Delay = 0.00>
ST_2 : Operation 41 [1/1] (1.56ns)   --->   "%boostFlag = icmp_eq  i2 %tmp, i2 0" [D:/Xillinx_Project/PROJECT/data_compression/L1/tests/lz4_compress/../../../L1/include/hw/lz_optional.hpp:637]   --->   Operation 41 'icmp' 'boostFlag' <Predicate = (!icmp_ln624)> <Delay = 1.56> <CoreInst = "Cmp">   --->   Core 9 'Cmp' <Latency = 0> <II = 1> <Delay = 1.56> <FuncUnit> <Opcode : 'seteq' 'setne' 'setle' 'setge' 'setlt' 'setgt'> <InPorts = 2> <OutPorts = 1>

State 3 <SV = 2> <Delay = 4.14>
ST_3 : Operation 42 [1/1] (2.55ns)   --->   "%i_5 = add i32 %i_4, i32 1" [D:/Xillinx_Project/PROJECT/data_compression/L1/tests/lz4_compress/../../../L1/include/hw/lz_optional.hpp:624]   --->   Operation 42 'add' 'i_5' <Predicate = true> <Delay = 2.55> <CoreInst = "Adder">   --->   Core 1 'Adder' <Latency = 0> <II = 1> <Delay = 2.55> <FuncUnit> <Opcode : 'add' 'sub'> <InPorts = 2> <OutPorts = 1>
ST_3 : Operation 43 [1/1] (0.00ns)   --->   "%trunc_ln624_1 = trunc i32 %i_4" [D:/Xillinx_Project/PROJECT/data_compression/L1/tests/lz4_compress/../../../L1/include/hw/lz_optional.hpp:624]   --->   Operation 43 'trunc' 'trunc_ln624_1' <Predicate = (!icmp_ln624)> <Delay = 0.00>
ST_3 : Operation 44 [1/1] (0.00ns)   --->   "%zext_ln634 = zext i14 %trunc_ln624_1" [D:/Xillinx_Project/PROJECT/data_compression/L1/tests/lz4_compress/../../../L1/include/hw/lz_optional.hpp:634]   --->   Operation 44 'zext' 'zext_ln634' <Predicate = (!icmp_ln624)> <Delay = 0.00>
ST_3 : Operation 45 [1/1] (0.00ns)   --->   "%local_mem_addr = getelementptr i8 %local_mem, i64 0, i64 %zext_ln634" [D:/Xillinx_Project/PROJECT/data_compression/L1/tests/lz4_compress/../../../L1/include/hw/lz_optional.hpp:634]   --->   Operation 45 'getelementptr' 'local_mem_addr' <Predicate = (!icmp_ln624)> <Delay = 0.00>
ST_3 : Operation 46 [1/1] ( I:3.25ns O:3.25ns )   --->   "%store_ln634 = store i8 %tCh, i14 %local_mem_addr" [D:/Xillinx_Project/PROJECT/data_compression/L1/tests/lz4_compress/../../../L1/include/hw/lz_optional.hpp:634]   --->   Operation 46 'store' 'store_ln634' <Predicate = (!icmp_ln624)> <Delay = 3.25> <CoreInst = "RAM_2P_BRAM">   --->   Core 90 'RAM_2P_BRAM' <Latency = 1> <II = 1> <Delay = 3.25> <Storage> <Opcode : 'load' 'store'> <Ports = 2> <Width = 8> <Depth = 16384> <RAM>
ST_3 : Operation 47 [1/1] (1.58ns)   --->   "%store_ln624 = store i32 %i_5, i32 %i" [D:/Xillinx_Project/PROJECT/data_compression/L1/tests/lz4_compress/../../../L1/include/hw/lz_optional.hpp:624]   --->   Operation 47 'store' 'store_ln624' <Predicate = (!icmp_ln624)> <Delay = 1.58>

State 4 <SV = 3> <Delay = 5.96>
ST_4 : Operation 48 [1/1] (0.00ns)   --->   "%p_load16 = load i16 %empty" [D:/Xillinx_Project/PROJECT/data_compression/L1/tests/lz4_compress/../../../L1/include/hw/lz_optional.hpp:651]   --->   Operation 48 'load' 'p_load16' <Predicate = true> <Delay = 0.00>
ST_4 : Operation 49 [1/1] (0.00ns)   --->   "%outValue_1 = load i32 %outValue" [D:/Xillinx_Project/PROJECT/data_compression/L1/tests/lz4_compress/../../../L1/include/hw/lz_optional.hpp:683]   --->   Operation 49 'load' 'outValue_1' <Predicate = true> <Delay = 0.00>
ST_4 : Operation 50 [1/1] (0.00ns)   --->   "%new_match_len_2 = load i32 %new_match_len" [D:/Xillinx_Project/PROJECT/data_compression/L1/tests/lz4_compress/../../../L1/include/hw/lz_optional.hpp:653]   --->   Operation 50 'load' 'new_match_len_2' <Predicate = true> <Delay = 0.00>
ST_4 : Operation 51 [1/1] (0.00ns)   --->   "%new_match_loc_1 = load i32 %new_match_loc" [D:/Xillinx_Project/PROJECT/data_compression/L1/tests/lz4_compress/../../../L1/include/hw/lz_optional.hpp:624]   --->   Operation 51 'load' 'new_match_loc_1' <Predicate = true> <Delay = 0.00>
ST_4 : Operation 52 [1/1] (0.00ns)   --->   "%p_load15 = load i8 %empty_40" [D:/Xillinx_Project/PROJECT/data_compression/L1/tests/lz4_compress/../../../L1/include/hw/lz_optional.hpp:642]   --->   Operation 52 'load' 'p_load15' <Predicate = (!icmp_ln624)> <Delay = 0.00>
ST_4 : Operation 53 [1/1] (0.00ns)   --->   "%new_matchFlag_1_0_0_07_load = load i1 %new_matchFlag_1_0_0_07" [D:/Xillinx_Project/PROJECT/data_compression/L1/tests/lz4_compress/../../../L1/include/hw/lz_optional.hpp:642]   --->   Operation 53 'load' 'new_matchFlag_1_0_0_07_load' <Predicate = (!icmp_ln624)> <Delay = 0.00>
ST_4 : Operation 54 [1/1] (0.00ns)   --->   "%trunc_ln624 = trunc i32 %new_match_loc_1" [D:/Xillinx_Project/PROJECT/data_compression/L1/tests/lz4_compress/../../../L1/include/hw/lz_optional.hpp:624]   --->   Operation 54 'trunc' 'trunc_ln624' <Predicate = (!icmp_ln624)> <Delay = 0.00>
ST_4 : Operation 55 [1/1] (0.00ns)   --->   "%specpipeline_ln625 = specpipeline void @_ssdm_op_SpecPipeline, i32 3, i32 0, i32 0, i32 0, void @empty_4" [D:/Xillinx_Project/PROJECT/data_compression/L1/tests/lz4_compress/../../../L1/include/hw/lz_optional.hpp:625]   --->   Operation 55 'specpipeline' 'specpipeline_ln625' <Predicate = (!icmp_ln624)> <Delay = 0.00>
ST_4 : Operation 56 [1/1] (0.00ns)   --->   "%specloopname_ln624 = specloopname void @_ssdm_op_SpecLoopName, void @empty_14" [D:/Xillinx_Project/PROJECT/data_compression/L1/tests/lz4_compress/../../../L1/include/hw/lz_optional.hpp:624]   --->   Operation 56 'specloopname' 'specloopname_ln624' <Predicate = (!icmp_ln624)> <Delay = 0.00>
ST_4 : Operation 57 [1/1] (2.07ns)   --->   "%skip_condition = icmp_eq  i16 %p_load16, i16 0" [D:/Xillinx_Project/PROJECT/data_compression/L1/tests/lz4_compress/../../../L1/include/hw/lz_optional.hpp:641]   --->   Operation 57 'icmp' 'skip_condition' <Predicate = (!icmp_ln624)> <Delay = 2.07> <CoreInst = "Cmp">   --->   Core 9 'Cmp' <Latency = 0> <II = 1> <Delay = 2.07> <FuncUnit> <Opcode : 'seteq' 'setne' 'setle' 'setge' 'setlt' 'setgt'> <InPorts = 2> <OutPorts = 1>
ST_4 : Operation 58 [1/1] (2.55ns)   --->   "%icmp_ln642 = icmp_ult  i32 %new_match_len_2, i32 255" [D:/Xillinx_Project/PROJECT/data_compression/L1/tests/lz4_compress/../../../L1/include/hw/lz_optional.hpp:642]   --->   Operation 58 'icmp' 'icmp_ln642' <Predicate = (!icmp_ln624)> <Delay = 2.55> <CoreInst = "Cmp">   --->   Core 9 'Cmp' <Latency = 0> <II = 1> <Delay = 2.55> <FuncUnit> <Opcode : 'seteq' 'setne' 'setle' 'setge' 'setlt' 'setgt'> <InPorts = 2> <OutPorts = 1>
ST_4 : Operation 59 [1/1] (1.91ns)   --->   "%icmp_ln642_1 = icmp_eq  i8 %tCh, i8 %p_load15" [D:/Xillinx_Project/PROJECT/data_compression/L1/tests/lz4_compress/../../../L1/include/hw/lz_optional.hpp:642]   --->   Operation 59 'icmp' 'icmp_ln642_1' <Predicate = (!icmp_ln624)> <Delay = 1.91> <CoreInst = "Cmp">   --->   Core 9 'Cmp' <Latency = 0> <II = 1> <Delay = 1.91> <FuncUnit> <Opcode : 'seteq' 'setne' 'setle' 'setge' 'setlt' 'setgt'> <InPorts = 2> <OutPorts = 1>
ST_4 : Operation 60 [1/1] (0.00ns) (grouped into LUT with out node match_condition)   --->   "%and_ln642 = and i1 %icmp_ln642_1, i1 %icmp_ln642" [D:/Xillinx_Project/PROJECT/data_compression/L1/tests/lz4_compress/../../../L1/include/hw/lz_optional.hpp:642]   --->   Operation 60 'and' 'and_ln642' <Predicate = (!icmp_ln624)> <Delay = 0.00> <CoreInst = "LogicGate">   --->   Core 74 'LogicGate' <Latency = 0> <II = 1> <Delay = 0.97> <FuncUnit> <Opcode : 'and' 'or' 'xor'> <InPorts = 2> <OutPorts = 1>
ST_4 : Operation 61 [1/1] (0.97ns) (out node of the LUT)   --->   "%match_condition = and i1 %and_ln642, i1 %new_matchFlag_1_0_0_07_load" [D:/Xillinx_Project/PROJECT/data_compression/L1/tests/lz4_compress/../../../L1/include/hw/lz_optional.hpp:642]   --->   Operation 61 'and' 'match_condition' <Predicate = (!icmp_ln624)> <Delay = 0.97> <CoreInst = "LogicGate">   --->   Core 74 'LogicGate' <Latency = 0> <II = 1> <Delay = 0.97> <FuncUnit> <Opcode : 'and' 'or' 'xor'> <InPorts = 2> <OutPorts = 1>
ST_4 : Operation 62 [1/1] (0.00ns)   --->   "%br_ln650 = br i1 %skip_condition, void %if.then33, void %if.else" [D:/Xillinx_Project/PROJECT/data_compression/L1/tests/lz4_compress/../../../L1/include/hw/lz_optional.hpp:650]   --->   Operation 62 'br' 'br_ln650' <Predicate = (!icmp_ln624)> <Delay = 0.00>
ST_4 : Operation 63 [1/1] (2.07ns)   --->   "%add_ln651 = add i16 %p_load16, i16 65535" [D:/Xillinx_Project/PROJECT/data_compression/L1/tests/lz4_compress/../../../L1/include/hw/lz_optional.hpp:651]   --->   Operation 63 'add' 'add_ln651' <Predicate = (!icmp_ln624 & !skip_condition)> <Delay = 2.07> <CoreInst = "Adder">   --->   Core 1 'Adder' <Latency = 0> <II = 1> <Delay = 2.07> <FuncUnit> <Opcode : 'add' 'sub'> <InPorts = 2> <OutPorts = 1>
ST_4 : Operation 64 [1/1] (0.00ns)   --->   "%zext_ln680 = zext i14 %trunc_ln624" [D:/Xillinx_Project/PROJECT/data_compression/L1/tests/lz4_compress/../../../L1/include/hw/lz_optional.hpp:680]   --->   Operation 64 'zext' 'zext_ln680' <Predicate = (!icmp_ln624 & !skip_condition)> <Delay = 0.00>
ST_4 : Operation 65 [1/1] (0.00ns)   --->   "%local_mem_addr_1 = getelementptr i8 %local_mem, i64 0, i64 %zext_ln680" [D:/Xillinx_Project/PROJECT/data_compression/L1/tests/lz4_compress/../../../L1/include/hw/lz_optional.hpp:680]   --->   Operation 65 'getelementptr' 'local_mem_addr_1' <Predicate = (!icmp_ln624 & !skip_condition)> <Delay = 0.00>
ST_4 : Operation 66 [2/2] (3.25ns)   --->   "%local_mem_load = load i14 %local_mem_addr_1" [D:/Xillinx_Project/PROJECT/data_compression/L1/tests/lz4_compress/../../../L1/include/hw/lz_optional.hpp:680]   --->   Operation 66 'load' 'local_mem_load' <Predicate = (!icmp_ln624 & !skip_condition)> <Delay = 3.25> <CoreInst = "RAM_2P_BRAM">   --->   Core 90 'RAM_2P_BRAM' <Latency = 1> <II = 1> <Delay = 3.25> <Storage> <Opcode : 'load' 'store'> <Ports = 2> <Width = 8> <Depth = 16384> <RAM>
ST_4 : Operation 67 [1/1] (1.82ns)   --->   "%store_ln651 = store i16 %add_ln651, i16 %empty" [D:/Xillinx_Project/PROJECT/data_compression/L1/tests/lz4_compress/../../../L1/include/hw/lz_optional.hpp:651]   --->   Operation 67 'store' 'store_ln651' <Predicate = (!icmp_ln624 & !skip_condition)> <Delay = 1.82>
ST_4 : Operation 68 [1/1] (0.00ns)   --->   "%br_ln652 = br i1 %match_condition, void %if.end62, void %if.then38" [D:/Xillinx_Project/PROJECT/data_compression/L1/tests/lz4_compress/../../../L1/include/hw/lz_optional.hpp:652]   --->   Operation 68 'br' 'br_ln652' <Predicate = (!icmp_ln624 & skip_condition)> <Delay = 0.00>
ST_4 : Operation 69 [1/1] (0.00ns)   --->   "%zext_ln658 = zext i16 %tOffset" [D:/Xillinx_Project/PROJECT/data_compression/L1/tests/lz4_compress/../../../L1/include/hw/lz_optional.hpp:658]   --->   Operation 69 'zext' 'zext_ln658' <Predicate = (!icmp_ln624 & skip_condition & !match_condition)> <Delay = 0.00>
ST_4 : Operation 70 [1/1] (2.55ns)   --->   "%new_match_loc_5 = sub i32 %i_4, i32 %zext_ln658" [D:/Xillinx_Project/PROJECT/data_compression/L1/tests/lz4_compress/../../../L1/include/hw/lz_optional.hpp:658]   --->   Operation 70 'sub' 'new_match_loc_5' <Predicate = (!icmp_ln624 & skip_condition & !match_condition)> <Delay = 2.55> <CoreInst = "Adder">   --->   Core 1 'Adder' <Latency = 0> <II = 1> <Delay = 2.55> <FuncUnit> <Opcode : 'add' 'sub'> <InPorts = 2> <OutPorts = 1>
ST_4 : Operation 71 [1/1] (0.00ns)   --->   "%trunc_ln646_1 = trunc i32 %new_match_loc_5" [D:/Xillinx_Project/PROJECT/data_compression/L1/tests/lz4_compress/../../../L1/include/hw/lz_optional.hpp:646]   --->   Operation 71 'trunc' 'trunc_ln646_1' <Predicate = (!icmp_ln624 & skip_condition & !match_condition)> <Delay = 0.00>
ST_4 : Operation 72 [1/1] (2.55ns)   --->   "%outFlag = icmp_eq  i32 %i_4, i32 0" [D:/Xillinx_Project/PROJECT/data_compression/L1/tests/lz4_compress/../../../L1/include/hw/lz_optional.hpp:659]   --->   Operation 72 'icmp' 'outFlag' <Predicate = (!icmp_ln624 & skip_condition & !match_condition)> <Delay = 2.55> <CoreInst = "Cmp">   --->   Core 9 'Cmp' <Latency = 0> <II = 1> <Delay = 2.55> <FuncUnit> <Opcode : 'seteq' 'setne' 'setle' 'setge' 'setlt' 'setgt'> <InPorts = 2> <OutPorts = 1>
ST_4 : Operation 73 [1/1] (1.91ns)   --->   "%has_tLen = icmp_ne  i8 %tLen, i8 0" [D:/Xillinx_Project/PROJECT/data_compression/L1/tests/lz4_compress/../../../L1/include/hw/lz_optional.hpp:664]   --->   Operation 73 'icmp' 'has_tLen' <Predicate = (!icmp_ln624 & skip_condition & !match_condition)> <Delay = 1.91> <CoreInst = "Cmp">   --->   Core 9 'Cmp' <Latency = 0> <II = 1> <Delay = 1.91> <FuncUnit> <Opcode : 'seteq' 'setne' 'setle' 'setge' 'setlt' 'setgt'> <InPorts = 2> <OutPorts = 1>
ST_4 : Operation 74 [1/1] (0.97ns)   --->   "%use_boost = and i1 %boostFlag, i1 %has_tLen" [D:/Xillinx_Project/PROJECT/data_compression/L1/tests/lz4_compress/../../../L1/include/hw/lz_optional.hpp:665]   --->   Operation 74 'and' 'use_boost' <Predicate = (!icmp_ln624 & skip_condition & !match_condition)> <Delay = 0.97> <CoreInst = "LogicGate">   --->   Core 74 'LogicGate' <Latency = 0> <II = 1> <Delay = 0.97> <FuncUnit> <Opcode : 'and' 'or' 'xor'> <InPorts = 2> <OutPorts = 1>
ST_4 : Operation 75 [1/1] (0.00ns) (grouped into LUT with out node select_ln668)   --->   "%xor_ln668 = xor i1 %use_boost, i1 %has_tLen" [D:/Xillinx_Project/PROJECT/data_compression/L1/tests/lz4_compress/../../../L1/include/hw/lz_optional.hpp:668]   --->   Operation 75 'xor' 'xor_ln668' <Predicate = (!icmp_ln624 & skip_condition & !match_condition)> <Delay = 0.00> <CoreInst = "LogicGate">   --->   Core 74 'LogicGate' <Latency = 0> <II = 1> <Delay = 0.97> <FuncUnit> <Opcode : 'and' 'or' 'xor'> <InPorts = 2> <OutPorts = 1>
ST_4 : Operation 76 [1/1] (1.91ns)   --->   "%add_ln668 = add i8 %tLen, i8 255" [D:/Xillinx_Project/PROJECT/data_compression/L1/tests/lz4_compress/../../../L1/include/hw/lz_optional.hpp:668]   --->   Operation 76 'add' 'add_ln668' <Predicate = (!icmp_ln624 & skip_condition & !match_condition)> <Delay = 1.91> <CoreInst = "Adder">   --->   Core 1 'Adder' <Latency = 0> <II = 1> <Delay = 1.91> <FuncUnit> <Opcode : 'add' 'sub'> <InPorts = 2> <OutPorts = 1>
ST_4 : Operation 77 [1/1] (1.24ns) (out node of the LUT)   --->   "%select_ln668 = select i1 %xor_ln668, i8 %add_ln668, i8 0" [D:/Xillinx_Project/PROJECT/data_compression/L1/tests/lz4_compress/../../../L1/include/hw/lz_optional.hpp:668]   --->   Operation 77 'select' 'select_ln668' <Predicate = (!icmp_ln624 & skip_condition & !match_condition)> <Delay = 1.24> <CoreInst = "Sel">   --->   Core 73 'Sel' <Latency = 0> <II = 1> <Delay = 1.24> <FuncUnit> <Opcode : 'select'> <InPorts = 3> <OutPorts = 1>
ST_4 : Operation 78 [1/1] (0.00ns)   --->   "%zext_ln680_3 = zext i8 %select_ln668" [D:/Xillinx_Project/PROJECT/data_compression/L1/tests/lz4_compress/../../../L1/include/hw/lz_optional.hpp:680]   --->   Operation 78 'zext' 'zext_ln680_3' <Predicate = (!icmp_ln624 & skip_condition & !match_condition)> <Delay = 0.00>
ST_4 : Operation 79 [1/1] (0.00ns)   --->   "%zext_ln680_2 = zext i14 %trunc_ln646_1" [D:/Xillinx_Project/PROJECT/data_compression/L1/tests/lz4_compress/../../../L1/include/hw/lz_optional.hpp:680]   --->   Operation 79 'zext' 'zext_ln680_2' <Predicate = (!icmp_ln624 & skip_condition & !match_condition)> <Delay = 0.00>
ST_4 : Operation 80 [1/1] (0.00ns)   --->   "%local_mem_addr_3 = getelementptr i8 %local_mem, i64 0, i64 %zext_ln680_2" [D:/Xillinx_Project/PROJECT/data_compression/L1/tests/lz4_compress/../../../L1/include/hw/lz_optional.hpp:680]   --->   Operation 80 'getelementptr' 'local_mem_addr_3' <Predicate = (!icmp_ln624 & skip_condition & !match_condition)> <Delay = 0.00>
ST_4 : Operation 81 [2/2] (3.25ns)   --->   "%local_mem_load_2 = load i14 %local_mem_addr_3" [D:/Xillinx_Project/PROJECT/data_compression/L1/tests/lz4_compress/../../../L1/include/hw/lz_optional.hpp:680]   --->   Operation 81 'load' 'local_mem_load_2' <Predicate = (!icmp_ln624 & skip_condition & !match_condition)> <Delay = 3.25> <CoreInst = "RAM_2P_BRAM">   --->   Core 90 'RAM_2P_BRAM' <Latency = 1> <II = 1> <Delay = 3.25> <Storage> <Opcode : 'load' 'store'> <Ports = 2> <Width = 8> <Depth = 16384> <RAM>
ST_4 : Operation 82 [1/1] (1.70ns)   --->   "%store_ln646 = store i32 %new_match_loc_5, i32 %new_match_loc" [D:/Xillinx_Project/PROJECT/data_compression/L1/tests/lz4_compress/../../../L1/include/hw/lz_optional.hpp:646]   --->   Operation 82 'store' 'store_ln646' <Predicate = (!icmp_ln624 & skip_condition & !match_condition)> <Delay = 1.70>
ST_4 : Operation 83 [1/1] (1.70ns)   --->   "%store_ln665 = store i1 %use_boost, i1 %new_matchFlag_1_0_0_07" [D:/Xillinx_Project/PROJECT/data_compression/L1/tests/lz4_compress/../../../L1/include/hw/lz_optional.hpp:665]   --->   Operation 83 'store' 'store_ln665' <Predicate = (!icmp_ln624 & skip_condition & !match_condition)> <Delay = 1.70>
ST_4 : Operation 84 [1/1] (1.70ns)   --->   "%store_ln645 = store i32 1, i32 %new_match_len" [D:/Xillinx_Project/PROJECT/data_compression/L1/tests/lz4_compress/../../../L1/include/hw/lz_optional.hpp:645]   --->   Operation 84 'store' 'store_ln645' <Predicate = (!icmp_ln624 & skip_condition & !match_condition)> <Delay = 1.70>
ST_4 : Operation 85 [1/1] (1.58ns)   --->   "%store_ln613 = store i32 %outValue_3, i32 %outValue" [D:/Xillinx_Project/PROJECT/data_compression/L1/tests/lz4_compress/../../../L1/include/hw/lz_optional.hpp:613]   --->   Operation 85 'store' 'store_ln613' <Predicate = (!icmp_ln624 & skip_condition & !match_condition)> <Delay = 1.58>
ST_4 : Operation 86 [1/1] (1.82ns)   --->   "%store_ln680 = store i16 %zext_ln680_3, i16 %empty" [D:/Xillinx_Project/PROJECT/data_compression/L1/tests/lz4_compress/../../../L1/include/hw/lz_optional.hpp:680]   --->   Operation 86 'store' 'store_ln680' <Predicate = (!icmp_ln624 & skip_condition & !match_condition)> <Delay = 1.82>
ST_4 : Operation 87 [1/1] (2.55ns)   --->   "%new_match_len_3 = add i32 %new_match_len_2, i32 1" [D:/Xillinx_Project/PROJECT/data_compression/L1/tests/lz4_compress/../../../L1/include/hw/lz_optional.hpp:653]   --->   Operation 87 'add' 'new_match_len_3' <Predicate = (!icmp_ln624 & skip_condition & match_condition)> <Delay = 2.55> <CoreInst = "Adder">   --->   Core 1 'Adder' <Latency = 0> <II = 1> <Delay = 2.55> <FuncUnit> <Opcode : 'add' 'sub'> <InPorts = 2> <OutPorts = 1>
ST_4 : Operation 88 [1/1] (2.55ns)   --->   "%new_match_loc_4 = add i32 %new_match_loc_1, i32 1" [D:/Xillinx_Project/PROJECT/data_compression/L1/tests/lz4_compress/../../../L1/include/hw/lz_optional.hpp:654]   --->   Operation 88 'add' 'new_match_loc_4' <Predicate = (!icmp_ln624 & skip_condition & match_condition)> <Delay = 2.55> <CoreInst = "Adder">   --->   Core 1 'Adder' <Latency = 0> <II = 1> <Delay = 2.55> <FuncUnit> <Opcode : 'add' 'sub'> <InPorts = 2> <OutPorts = 1>
ST_4 : Operation 89 [1/1] (0.00ns)   --->   "%trunc_ln646 = trunc i32 %new_match_loc_4" [D:/Xillinx_Project/PROJECT/data_compression/L1/tests/lz4_compress/../../../L1/include/hw/lz_optional.hpp:646]   --->   Operation 89 'trunc' 'trunc_ln646' <Predicate = (!icmp_ln624 & skip_condition & match_condition)> <Delay = 0.00>
ST_4 : Operation 90 [1/1] (0.00ns)   --->   "%trunc_ln655 = trunc i32 %new_match_len_3" [D:/Xillinx_Project/PROJECT/data_compression/L1/tests/lz4_compress/../../../L1/include/hw/lz_optional.hpp:655]   --->   Operation 90 'trunc' 'trunc_ln655' <Predicate = (!icmp_ln624 & skip_condition & match_condition)> <Delay = 0.00>
ST_4 : Operation 91 [1/1] (0.00ns)   --->   "%outValue_2 = partset i32 @_ssdm_op_PartSet.i32.i32.i8.i32, i32 %outValue_1, i8 %trunc_ln655, i32 8" [D:/Xillinx_Project/PROJECT/data_compression/L1/tests/lz4_compress/../../../L1/include/hw/lz_optional.hpp:655]   --->   Operation 91 'partset' 'outValue_2' <Predicate = (!icmp_ln624 & skip_condition & match_condition)> <Delay = 0.00>
ST_4 : Operation 92 [1/1] (0.00ns)   --->   "%zext_ln680_1 = zext i14 %trunc_ln646" [D:/Xillinx_Project/PROJECT/data_compression/L1/tests/lz4_compress/../../../L1/include/hw/lz_optional.hpp:680]   --->   Operation 92 'zext' 'zext_ln680_1' <Predicate = (!icmp_ln624 & skip_condition & match_condition)> <Delay = 0.00>
ST_4 : Operation 93 [1/1] (0.00ns)   --->   "%local_mem_addr_2 = getelementptr i8 %local_mem, i64 0, i64 %zext_ln680_1" [D:/Xillinx_Project/PROJECT/data_compression/L1/tests/lz4_compress/../../../L1/include/hw/lz_optional.hpp:680]   --->   Operation 93 'getelementptr' 'local_mem_addr_2' <Predicate = (!icmp_ln624 & skip_condition & match_condition)> <Delay = 0.00>
ST_4 : Operation 94 [2/2] (3.25ns)   --->   "%local_mem_load_1 = load i14 %local_mem_addr_2" [D:/Xillinx_Project/PROJECT/data_compression/L1/tests/lz4_compress/../../../L1/include/hw/lz_optional.hpp:680]   --->   Operation 94 'load' 'local_mem_load_1' <Predicate = (!icmp_ln624 & skip_condition & match_condition)> <Delay = 3.25> <CoreInst = "RAM_2P_BRAM">   --->   Core 90 'RAM_2P_BRAM' <Latency = 1> <II = 1> <Delay = 3.25> <Storage> <Opcode : 'load' 'store'> <Ports = 2> <Width = 8> <Depth = 16384> <RAM>
ST_4 : Operation 95 [1/1] (1.70ns)   --->   "%store_ln646 = store i32 %new_match_loc_4, i32 %new_match_loc" [D:/Xillinx_Project/PROJECT/data_compression/L1/tests/lz4_compress/../../../L1/include/hw/lz_optional.hpp:646]   --->   Operation 95 'store' 'store_ln646' <Predicate = (!icmp_ln624 & skip_condition & match_condition)> <Delay = 1.70>
ST_4 : Operation 96 [1/1] (1.70ns)   --->   "%store_ln0 = store i1 1, i1 %new_matchFlag_1_0_0_07"   --->   Operation 96 'store' 'store_ln0' <Predicate = (!icmp_ln624 & skip_condition & match_condition)> <Delay = 1.70>
ST_4 : Operation 97 [1/1] (1.70ns)   --->   "%store_ln645 = store i32 %new_match_len_3, i32 %new_match_len" [D:/Xillinx_Project/PROJECT/data_compression/L1/tests/lz4_compress/../../../L1/include/hw/lz_optional.hpp:645]   --->   Operation 97 'store' 'store_ln645' <Predicate = (!icmp_ln624 & skip_condition & match_condition)> <Delay = 1.70>
ST_4 : Operation 98 [1/1] (1.58ns)   --->   "%store_ln613 = store i32 %outValue_2, i32 %outValue" [D:/Xillinx_Project/PROJECT/data_compression/L1/tests/lz4_compress/../../../L1/include/hw/lz_optional.hpp:613]   --->   Operation 98 'store' 'store_ln613' <Predicate = (!icmp_ln624 & skip_condition & match_condition)> <Delay = 1.58>
ST_4 : Operation 99 [1/1] (1.82ns)   --->   "%store_ln0 = store i16 0, i16 %empty"   --->   Operation 99 'store' 'store_ln0' <Predicate = (!icmp_ln624 & skip_condition & match_condition)> <Delay = 1.82>
ST_4 : Operation 111 [1/1] (0.00ns)   --->   "%p_load = load i8 %empty_40"   --->   Operation 111 'load' 'p_load' <Predicate = (icmp_ln624)> <Delay = 0.00>
ST_4 : Operation 112 [1/1] (0.00ns)   --->   "%new_matchFlag_1_0_0_07_load_1 = load i1 %new_matchFlag_1_0_0_07"   --->   Operation 112 'load' 'new_matchFlag_1_0_0_07_load_1' <Predicate = (icmp_ln624)> <Delay = 0.00>
ST_4 : Operation 113 [1/1] (0.00ns)   --->   "%write_ln624 = write void @_ssdm_op_Write.ap_auto.i32P0A, i32 %new_match_loc_out, i32 %new_match_loc_1" [D:/Xillinx_Project/PROJECT/data_compression/L1/tests/lz4_compress/../../../L1/include/hw/lz_optional.hpp:624]   --->   Operation 113 'write' 'write_ln624' <Predicate = (icmp_ln624)> <Delay = 0.00>
ST_4 : Operation 114 [1/1] (0.00ns)   --->   "%write_ln0 = write void @_ssdm_op_Write.ap_auto.i8P0A, i8 %p_out, i8 %p_load"   --->   Operation 114 'write' 'write_ln0' <Predicate = (icmp_ln624)> <Delay = 0.00>
ST_4 : Operation 115 [1/1] (0.00ns)   --->   "%write_ln0 = write void @_ssdm_op_Write.ap_auto.i1P0A, i1 %new_matchFlag_1_0_0_07_out, i1 %new_matchFlag_1_0_0_07_load_1"   --->   Operation 115 'write' 'write_ln0' <Predicate = (icmp_ln624)> <Delay = 0.00>
ST_4 : Operation 116 [1/1] (0.00ns)   --->   "%write_ln653 = write void @_ssdm_op_Write.ap_auto.i32P0A, i32 %new_match_len_out, i32 %new_match_len_2" [D:/Xillinx_Project/PROJECT/data_compression/L1/tests/lz4_compress/../../../L1/include/hw/lz_optional.hpp:653]   --->   Operation 116 'write' 'write_ln653' <Predicate = (icmp_ln624)> <Delay = 0.00>
ST_4 : Operation 117 [1/1] (0.00ns)   --->   "%write_ln651 = write void @_ssdm_op_Write.ap_auto.i16P0A, i16 %p_out1, i16 %p_load16" [D:/Xillinx_Project/PROJECT/data_compression/L1/tests/lz4_compress/../../../L1/include/hw/lz_optional.hpp:651]   --->   Operation 117 'write' 'write_ln651' <Predicate = (icmp_ln624)> <Delay = 0.00>
ST_4 : Operation 118 [1/1] (0.00ns)   --->   "%write_ln683 = write void @_ssdm_op_Write.ap_auto.i32P0A, i32 %outValue_out, i32 %outValue_1" [D:/Xillinx_Project/PROJECT/data_compression/L1/tests/lz4_compress/../../../L1/include/hw/lz_optional.hpp:683]   --->   Operation 118 'write' 'write_ln683' <Predicate = (icmp_ln624)> <Delay = 0.00>
ST_4 : Operation 119 [1/1] (1.58ns)   --->   "%ret_ln0 = ret"   --->   Operation 119 'ret' 'ret_ln0' <Predicate = (icmp_ln624)> <Delay = 1.58>

State 5 <SV = 4> <Delay = 3.25>
ST_5 : Operation 100 [1/2] ( I:3.25ns O:3.25ns )   --->   "%local_mem_load = load i14 %local_mem_addr_1" [D:/Xillinx_Project/PROJECT/data_compression/L1/tests/lz4_compress/../../../L1/include/hw/lz_optional.hpp:680]   --->   Operation 100 'load' 'local_mem_load' <Predicate = (!icmp_ln624 & !skip_condition)> <Delay = 3.25> <CoreInst = "RAM_2P_BRAM">   --->   Core 90 'RAM_2P_BRAM' <Latency = 1> <II = 1> <Delay = 3.25> <Storage> <Opcode : 'load' 'store'> <Ports = 2> <Width = 8> <Depth = 16384> <RAM>
ST_5 : Operation 101 [1/1] (1.70ns)   --->   "%br_ln683 = br void %for.inc" [D:/Xillinx_Project/PROJECT/data_compression/L1/tests/lz4_compress/../../../L1/include/hw/lz_optional.hpp:683]   --->   Operation 101 'br' 'br_ln683' <Predicate = (!icmp_ln624 & !skip_condition)> <Delay = 1.70>
ST_5 : Operation 102 [1/2] ( I:3.25ns O:3.25ns )   --->   "%local_mem_load_2 = load i14 %local_mem_addr_3" [D:/Xillinx_Project/PROJECT/data_compression/L1/tests/lz4_compress/../../../L1/include/hw/lz_optional.hpp:680]   --->   Operation 102 'load' 'local_mem_load_2' <Predicate = (!icmp_ln624 & skip_condition & !match_condition)> <Delay = 3.25> <CoreInst = "RAM_2P_BRAM">   --->   Core 90 'RAM_2P_BRAM' <Latency = 1> <II = 1> <Delay = 3.25> <Storage> <Opcode : 'load' 'store'> <Ports = 2> <Width = 8> <Depth = 16384> <RAM>
ST_5 : Operation 103 [1/1] (1.70ns)   --->   "%br_ln683 = br i1 %outFlag, void %if.then68, void %for.inc" [D:/Xillinx_Project/PROJECT/data_compression/L1/tests/lz4_compress/../../../L1/include/hw/lz_optional.hpp:683]   --->   Operation 103 'br' 'br_ln683' <Predicate = (!icmp_ln624 & skip_condition & !match_condition)> <Delay = 1.70>
ST_5 : Operation 104 [1/1] ( I:3.15ns O:3.15ns )   --->   "%write_ln683 = write void @_ssdm_op_Write.ap_fifo.volatile.i32P0A, i32 %boosterStream, i32 %outValue_1" [D:/Xillinx_Project/PROJECT/data_compression/L1/tests/lz4_compress/../../../L1/include/hw/lz_optional.hpp:683]   --->   Operation 104 'write' 'write_ln683' <Predicate = (!icmp_ln624 & skip_condition & !match_condition & !outFlag)> <Delay = 3.15> <CoreInst = "FIFO_SRL">   --->   Core 80 'FIFO_SRL' <Latency = 0> <II = 1> <Delay = 3.54> <Storage> <Opcode : 'read' 'write' 'nbread' 'nbwrite'> <Ports = 0> <Width = 32> <Depth = 8> <FIFO>
ST_5 : Operation 105 [1/1] (1.70ns)   --->   "%br_ln683 = br void %for.inc" [D:/Xillinx_Project/PROJECT/data_compression/L1/tests/lz4_compress/../../../L1/include/hw/lz_optional.hpp:683]   --->   Operation 105 'br' 'br_ln683' <Predicate = (!icmp_ln624 & skip_condition & !match_condition & !outFlag)> <Delay = 1.70>
ST_5 : Operation 106 [1/2] ( I:3.25ns O:3.25ns )   --->   "%local_mem_load_1 = load i14 %local_mem_addr_2" [D:/Xillinx_Project/PROJECT/data_compression/L1/tests/lz4_compress/../../../L1/include/hw/lz_optional.hpp:680]   --->   Operation 106 'load' 'local_mem_load_1' <Predicate = (!icmp_ln624 & skip_condition & match_condition)> <Delay = 3.25> <CoreInst = "RAM_2P_BRAM">   --->   Core 90 'RAM_2P_BRAM' <Latency = 1> <II = 1> <Delay = 3.25> <Storage> <Opcode : 'load' 'store'> <Ports = 2> <Width = 8> <Depth = 16384> <RAM>
ST_5 : Operation 107 [1/1] (1.70ns)   --->   "%br_ln683 = br void %for.inc" [D:/Xillinx_Project/PROJECT/data_compression/L1/tests/lz4_compress/../../../L1/include/hw/lz_optional.hpp:683]   --->   Operation 107 'br' 'br_ln683' <Predicate = (!icmp_ln624 & skip_condition & match_condition)> <Delay = 1.70>

State 6 <SV = 5> <Delay = 1.58>
ST_6 : Operation 108 [1/1] (0.00ns)   --->   "%empty_41 = phi i8 %local_mem_load, void %if.then33, i8 %local_mem_load_2, void %if.then68, i8 %local_mem_load_1, void %if.then38, i8 %local_mem_load_2, void %if.end62" [D:/Xillinx_Project/PROJECT/data_compression/L1/tests/lz4_compress/../../../L1/include/hw/lz_optional.hpp:680]   --->   Operation 108 'phi' 'empty_41' <Predicate = (!icmp_ln624)> <Delay = 0.00>
ST_6 : Operation 109 [1/1] (1.58ns)   --->   "%store_ln680 = store i8 %empty_41, i8 %empty_40" [D:/Xillinx_Project/PROJECT/data_compression/L1/tests/lz4_compress/../../../L1/include/hw/lz_optional.hpp:680]   --->   Operation 109 'store' 'store_ln680' <Predicate = (!icmp_ln624)> <Delay = 1.58>
ST_6 : Operation 110 [1/1] (0.00ns)   --->   "%br_ln624 = br void %for.body" [D:/Xillinx_Project/PROJECT/data_compression/L1/tests/lz4_compress/../../../L1/include/hw/lz_optional.hpp:624]   --->   Operation 110 'br' 'br_ln624' <Predicate = (!icmp_ln624)> <Delay = 0.00>


============================================================
+ Verbose Summary: Timing violations
============================================================
Target clock period: 7.000ns, clock uncertainty: 0.700ns.

 <State 1>: 4.140ns
The critical path consists of the following:
	'store' operation 0 bit ('store_ln624', D:/Xillinx_Project/PROJECT/data_compression/L1/tests/lz4_compress/../../../L1/include/hw/lz_optional.hpp:624) of constant 0 on local variable 'i', D:/Xillinx_Project/PROJECT/data_compression/L1/tests/lz4_compress/../../../L1/include/hw/lz_optional.hpp:624 [38]  (1.588 ns)
	'load' operation 32 bit ('i', D:/Xillinx_Project/PROJECT/data_compression/L1/tests/lz4_compress/../../../L1/include/hw/lz_optional.hpp:624) on local variable 'i', D:/Xillinx_Project/PROJECT/data_compression/L1/tests/lz4_compress/../../../L1/include/hw/lz_optional.hpp:624 [41]  (0.000 ns)
	'icmp' operation 1 bit ('icmp_ln624', D:/Xillinx_Project/PROJECT/data_compression/L1/tests/lz4_compress/../../../L1/include/hw/lz_optional.hpp:624) [46]  (2.552 ns)

 <State 2>: 4.715ns
The critical path consists of the following:
	fifo read operation ('inValue', D:/Xillinx_Project/PROJECT/data_compression/L1/tests/lz4_compress/../../../L1/include/hw/lz_optional.hpp:628) on port 'bestMatchStream' (D:/Xillinx_Project/PROJECT/data_compression/L1/tests/lz4_compress/../../../L1/include/hw/lz_optional.hpp:628) [56]  (3.150 ns)
	'icmp' operation 1 bit ('boostFlag', D:/Xillinx_Project/PROJECT/data_compression/L1/tests/lz4_compress/../../../L1/include/hw/lz_optional.hpp:637) [64]  (1.565 ns)

 <State 3>: 4.140ns
The critical path consists of the following:
	'add' operation 32 bit ('i', D:/Xillinx_Project/PROJECT/data_compression/L1/tests/lz4_compress/../../../L1/include/hw/lz_optional.hpp:624) [47]  (2.552 ns)
	'store' operation 0 bit ('store_ln624', D:/Xillinx_Project/PROJECT/data_compression/L1/tests/lz4_compress/../../../L1/include/hw/lz_optional.hpp:624) of variable 'i', D:/Xillinx_Project/PROJECT/data_compression/L1/tests/lz4_compress/../../../L1/include/hw/lz_optional.hpp:624 on local variable 'i', D:/Xillinx_Project/PROJECT/data_compression/L1/tests/lz4_compress/../../../L1/include/hw/lz_optional.hpp:624 [121]  (1.588 ns)

 <State 4>: 5.968ns
The critical path consists of the following:
	'icmp' operation 1 bit ('has_tLen', D:/Xillinx_Project/PROJECT/data_compression/L1/tests/lz4_compress/../../../L1/include/hw/lz_optional.hpp:664) [85]  (1.915 ns)
	'and' operation 1 bit ('use_boost', D:/Xillinx_Project/PROJECT/data_compression/L1/tests/lz4_compress/../../../L1/include/hw/lz_optional.hpp:665) [86]  (0.978 ns)
	'xor' operation 1 bit ('xor_ln668', D:/Xillinx_Project/PROJECT/data_compression/L1/tests/lz4_compress/../../../L1/include/hw/lz_optional.hpp:668) [87]  (0.000 ns)
	'select' operation 8 bit ('select_ln668', D:/Xillinx_Project/PROJECT/data_compression/L1/tests/lz4_compress/../../../L1/include/hw/lz_optional.hpp:668) [89]  (1.248 ns)
	'store' operation 0 bit ('store_ln680', D:/Xillinx_Project/PROJECT/data_compression/L1/tests/lz4_compress/../../../L1/include/hw/lz_optional.hpp:680) of variable 'zext_ln680_3', D:/Xillinx_Project/PROJECT/data_compression/L1/tests/lz4_compress/../../../L1/include/hw/lz_optional.hpp:680 on local variable 'empty' [98]  (1.827 ns)

 <State 5>: 3.254ns
The critical path consists of the following:
	'load' operation 8 bit ('local_mem_load', D:/Xillinx_Project/PROJECT/data_compression/L1/tests/lz4_compress/../../../L1/include/hw/lz_optional.hpp:680) on array 'local_mem' [75]  (3.254 ns)

 <State 6>: 1.588ns
The critical path consists of the following:
	'phi' operation 8 bit ('empty_41', D:/Xillinx_Project/PROJECT/data_compression/L1/tests/lz4_compress/../../../L1/include/hw/lz_optional.hpp:680) with incoming values : ('local_mem_load', D:/Xillinx_Project/PROJECT/data_compression/L1/tests/lz4_compress/../../../L1/include/hw/lz_optional.hpp:680) ('local_mem_load_2', D:/Xillinx_Project/PROJECT/data_compression/L1/tests/lz4_compress/../../../L1/include/hw/lz_optional.hpp:680) ('local_mem_load_1', D:/Xillinx_Project/PROJECT/data_compression/L1/tests/lz4_compress/../../../L1/include/hw/lz_optional.hpp:680) [119]  (0.000 ns)
	'store' operation 0 bit ('store_ln680', D:/Xillinx_Project/PROJECT/data_compression/L1/tests/lz4_compress/../../../L1/include/hw/lz_optional.hpp:680) of variable 'empty_41', D:/Xillinx_Project/PROJECT/data_compression/L1/tests/lz4_compress/../../../L1/include/hw/lz_optional.hpp:680 on local variable 'empty_40' [120]  (1.588 ns)


============================================================
+ Verbose Summary: Binding
============================================================
N/A
* FSMD analyzer results:
  - Output states:
 - Input state : 
  - Chain level:
	State 1
	State 2
	State 3
	State 4
	State 5
	State 6


============================================================
+ Verbose Summary: Datapath Resource usage 
============================================================
N/A
